[19:03:01] args=--tanakh-verify | C:\CodexProjects\Tracker\artifacts\tanakh-overview.png | C:\CodexProjects\Tracker\artifacts\tanakh-detail.png | C:\CodexProjects\Tracker\artifacts\tanakh-report.json
[19:11:24] args=--tanakh-verify | C:\CodexProjects\Tracker\artifacts\tanakh-overview.png | C:\CodexProjects\Tracker\artifacts\tanakh-detail.png | C:\CodexProjects\Tracker\artifacts\tanakh-report.json
[19:15:42] args=--tanakh-verify | C:\CodexProjects\Tracker\artifacts\tanakh-overview.png | C:\CodexProjects\Tracker\artifacts\tanakh-detail.png | C:\CodexProjects\Tracker\artifacts\tanakh-report.json
[19:17:44] args=--tanakh-verify | C:\CodexProjects\Tracker\artifacts\tanakh-overview.png | C:\CodexProjects\Tracker\artifacts\tanakh-detail.png | C:\CodexProjects\Tracker\artifacts\tanakh-report.json
[19:19:19] args=--tanakh-verify | C:\CodexProjects\Tracker\artifacts\tanakh-overview.png | C:\CodexProjects\Tracker\artifacts\tanakh-detail.png | C:\CodexProjects\Tracker\artifacts\tanakh-report.json
[19:24:25] args=--tanakh-verify | C:\CodexProjects\Tracker\artifacts\tanakh-overview.png | C:\CodexProjects\Tracker\artifacts\tanakh-detail.png | C:\CodexProjects\Tracker\artifacts\tanakh-report.json
[19:26:15] args=--tanakh-verify | C:\CodexProjects\Tracker\artifacts\tanakh-overview.png | C:\CodexProjects\Tracker\artifacts\tanakh-detail.png | C:\CodexProjects\Tracker\artifacts\tanakh-report.json
[19:30:10] args=--tanakh-verify | C:\CodexProjects\Tracker\artifacts\tanakh-overview.png | C:\CodexProjects\Tracker\artifacts\tanakh-detail.png | C:\CodexProjects\Tracker\artifacts\tanakh-report.json
[19:31:29] args=--tanakh-verify | C:\CodexProjects\Tracker\artifacts\tanakh-overview.png | C:\CodexProjects\Tracker\artifacts\tanakh-detail.png | C:\CodexProjects\Tracker\artifacts\tanakh-report.json
[19:35:53] args=
[19:41:29] args=--tanakh-verify | C:\CodexProjects\Tracker\artifacts\tanakh-overview-fixed.png | C:\CodexProjects\Tracker\artifacts\tanakh-detail-fixed.png | C:\CodexProjects\Tracker\artifacts\tanakh-report-fixed.json
[20:21:47] args=--core-verify | C:\CodexProjects\Tracker\artifacts\core-search.png | C:\CodexProjects\Tracker\artifacts\core-tags.png | C:\CodexProjects\Tracker\artifacts\core-review.png | C:\CodexProjects\Tracker\artifacts\core-tree.png | C:\CodexProjects\Tracker\artifacts\core-report.json
[20:23:23] args=--core-verify | C:\CodexProjects\Tracker\artifacts\core-search.png | C:\CodexProjects\Tracker\artifacts\core-tags.png | C:\CodexProjects\Tracker\artifacts\core-review.png | C:\CodexProjects\Tracker\artifacts\core-tree.png | C:\CodexProjects\Tracker\artifacts\core-report.json
[20:25:06] args=
[20:41:13] args=--management-verify | C:\CodexProjects\Tracker\artifacts\management-import.png | C:\CodexProjects\Tracker\artifacts\management-card-dialog.png | C:\CodexProjects\Tracker\artifacts\management-advanced-search.png | C:\CodexProjects\Tracker\artifacts\management-bulk.png | C:\CodexProjects\Tracker\artifacts\management-report.json
[20:42:45] args=--management-verify | C:\CodexProjects\Tracker\artifacts\management-import.png | C:\CodexProjects\Tracker\artifacts\management-card-dialog.png | C:\CodexProjects\Tracker\artifacts\management-advanced-search.png | C:\CodexProjects\Tracker\artifacts\management-bulk.png | C:\CodexProjects\Tracker\artifacts\management-report.json
[20:43:53] args=--management-verify | C:\CodexProjects\Tracker\artifacts\management-import.png | C:\CodexProjects\Tracker\artifacts\management-card-dialog.png | C:\CodexProjects\Tracker\artifacts\management-advanced-search.png | C:\CodexProjects\Tracker\artifacts\management-bulk.png | C:\CodexProjects\Tracker\artifacts\management-report.json
[22:58:39] args=
[23:16:10] args=--review-verify | C:\CodexProjects\Tracker\artifacts\review-session.png | C:\CodexProjects\Tracker\artifacts\review-summary.png | C:\CodexProjects\Tracker\artifacts\review-report.json
[23:17:08] args=--review-verify | C:\CodexProjects\Tracker\artifacts\review-session.png | C:\CodexProjects\Tracker\artifacts\review-summary.png | C:\CodexProjects\Tracker\artifacts\review-report.json
[23:18:11] args=--review-verify | C:\CodexProjects\Tracker\artifacts\review-session.png | C:\CodexProjects\Tracker\artifacts\review-summary.png | C:\CodexProjects\Tracker\artifacts\review-report.json
[23:36:58] args=--review-verify | C:\CodexProjects\Tracker\artifacts\review-session-flex.png | C:\CodexProjects\Tracker\artifacts\review-resume.png | C:\CodexProjects\Tracker\artifacts\review-flex-report.json
[23:49:41] args=
[23:56:44] args=--daily-verify | C:\CodexProjects\Tracker\artifacts\daily-dashboard.png | C:\CodexProjects\Tracker\artifacts\daily-queues-presets.png | C:\CodexProjects\Tracker\artifacts\daily-weakspots.png | C:\CodexProjects\Tracker\artifacts\daily-report.json
[23:58:03] args=
[00:15:36] args=--library-verify | C:\CodexProjects\Tracker\artifacts\library-audit.png | C:\CodexProjects\Tracker\artifacts\library-audit-report.json
[06:42:35] args=
[07:03:24] args=--library-verify | C:\CodexProjects\Tracker\artifacts\talmud-library-audit.png | C:\CodexProjects\Tracker\artifacts\talmud-library-audit-report.json
[07:04:42] args=--library-verify | C:\CodexProjects\Tracker\artifacts\talmud-library-audit.png | C:\CodexProjects\Tracker\artifacts\talmud-library-audit-report.json
[07:08:48] args=--library-verify | C:\CodexProjects\Tracker\artifacts\talmud-library-audit.png | C:\CodexProjects\Tracker\artifacts\talmud-library-audit-report.json
[07:10:10] args=--library-verify | C:\CodexProjects\Tracker\artifacts\talmud-library-audit.png | C:\CodexProjects\Tracker\artifacts\talmud-library-audit-report.json
[07:12:17] args=--library-verify | C:\CodexProjects\Tracker\artifacts\talmud-library-audit.png | C:\CodexProjects\Tracker\artifacts\talmud-library-audit-report.json
[07:17:39] args=
[07:18:24] args=--library-verify | C:\CodexProjects\Tracker\artifacts\talmud-library-live-audit.png | C:\CodexProjects\Tracker\artifacts\talmud-library-live-audit-report.json
[07:22:15] args=--library-verify | C:\CodexProjects\Tracker\artifacts\talmud-library-live-audit-2.png | C:\CodexProjects\Tracker\artifacts\talmud-library-live-audit-2-report.json
[07:25:22] args=--library-verify | C:\CodexProjects\Tracker\artifacts\talmud-library-live-audit-3.png | C:\CodexProjects\Tracker\artifacts\talmud-library-live-audit-3-report.json
[07:45:16] args=--library-verify | C:\CodexProjects\Tracker\artifacts\rambam-library-audit.png | C:\CodexProjects\Tracker\artifacts\rambam-library-audit-report.json
[07:46:00] args=--library-verify | C:\CodexProjects\Tracker\artifacts\rambam-library-audit-v2.png | C:\CodexProjects\Tracker\artifacts\rambam-library-audit-v2-report.json
[07:47:49] args=--library-verify | C:\CodexProjects\Tracker\artifacts\rambam-library-live-audit.png | C:\CodexProjects\Tracker\artifacts\rambam-library-live-audit-report.json
[07:51:25] args=
[08:09:46] args=--library-verify | C:\CodexProjects\Tracker\artifacts\halakhah-library-live-audit.png | C:\CodexProjects\Tracker\artifacts\halakhah-library-live-audit-report.json
[08:11:16] args=
[08:41:14] args=--product-verify | C:\CodexProjects\Tracker\artifacts\product-dashboard-fixed.png | C:\CodexProjects\Tracker\artifacts\product-verification-report.json
[08:47:16] args=--product-verify | C:\CodexProjects\Tracker\artifacts\product-dashboard-fixed.png | C:\CodexProjects\Tracker\artifacts\product-verification-report.json
[08:50:02] args=--product-verify | C:\CodexProjects\Tracker\artifacts\product-dashboard-fixed.png | C:\CodexProjects\Tracker\artifacts\product-verification-report.json
[08:52:12] args=--product-verify | C:\CodexProjects\Tracker\artifacts\product-live-dashboard-fixed.png | C:\CodexProjects\Tracker\artifacts\product-live-verification-report.json
[08:54:03] args=
[09:00:40] args=--daily-verify | C:\CodexProjects\Tracker\artifacts\ui-broad-dashboard.png | C:\CodexProjects\Tracker\artifacts\ui-broad-queues.png | C:\CodexProjects\Tracker\artifacts\ui-broad-weakspots.png | C:\CodexProjects\Tracker\artifacts\ui-broad-daily-report.json
[09:00:47] args=--core-verify | C:\CodexProjects\Tracker\artifacts\ui-broad-search.png | C:\CodexProjects\Tracker\artifacts\ui-broad-tags.png | C:\CodexProjects\Tracker\artifacts\ui-broad-review-filter.png | C:\CodexProjects\Tracker\artifacts\ui-broad-tree.png | C:\CodexProjects\Tracker\artifacts\ui-broad-core-report.json
[09:00:56] args=--management-verify | C:\CodexProjects\Tracker\artifacts\ui-broad-import.png | C:\CodexProjects\Tracker\artifacts\ui-broad-card-dialog.png | C:\CodexProjects\Tracker\artifacts\ui-broad-advanced-search.png | C:\CodexProjects\Tracker\artifacts\ui-broad-bulk.png | C:\CodexProjects\Tracker\artifacts\ui-broad-management-report.json
[09:01:05] args=--review-verify | C:\CodexProjects\Tracker\artifacts\ui-broad-review-session.png | C:\CodexProjects\Tracker\artifacts\ui-broad-review-resume.png | C:\CodexProjects\Tracker\artifacts\ui-broad-review-report.json
[09:17:22] args=
[09:31:48] args=--product-verify | C:\CodexProjects\Tracker\artifacts\final-live-dashboard.png | C:\CodexProjects\Tracker\artifacts\final-live-verification-report.json
[09:49:03] args=
[10:03:44] args=--tag-flow-verify | C:\CodexProjects\Tracker\artifacts\tag-flow-dialog.png | C:\CodexProjects\Tracker\artifacts\tag-flow-report.json
[10:05:03] args=--tag-flow-verify | C:\CodexProjects\Tracker\artifacts\tag-flow-dialog.png | C:\CodexProjects\Tracker\artifacts\tag-flow-report.json
[10:20:27] args=
[11:06:09] args=
[11:21:45] args=--core-verify | C:\CodexProjects\Tracker\artifacts\bottom-actions-search.png | C:\CodexProjects\Tracker\artifacts\bottom-actions-tags.png | C:\CodexProjects\Tracker\artifacts\bottom-actions-review-filter.png | C:\CodexProjects\Tracker\artifacts\bottom-actions-card.png | C:\CodexProjects\Tracker\artifacts\bottom-actions-core-report.json
[11:21:54] args=--review-verify | C:\CodexProjects\Tracker\artifacts\bottom-actions-review-session.png | C:\CodexProjects\Tracker\artifacts\bottom-actions-review-resume.png | C:\CodexProjects\Tracker\artifacts\bottom-actions-review-report.json
[11:23:50] args=--bottom-actions-verify | C:\CodexProjects\Tracker\artifacts\bottom-actions-card-control.png | C:\CodexProjects\Tracker\artifacts\bottom-actions-review-control.png | C:\CodexProjects\Tracker\artifacts\bottom-actions-report.json
[11:24:37] args=--bottom-actions-verify | C:\CodexProjects\Tracker\artifacts\bottom-actions-card-control.png | C:\CodexProjects\Tracker\artifacts\bottom-actions-review-control.png | C:\CodexProjects\Tracker\artifacts\bottom-actions-report.json
[11:25:22] args=--bottom-actions-verify | C:\CodexProjects\Tracker\artifacts\bottom-actions-card-control.png | C:\CodexProjects\Tracker\artifacts\bottom-actions-review-control.png | C:\CodexProjects\Tracker\artifacts\bottom-actions-report.json
[12:16:02] args=--study-unit-verify | C:\CodexProjects\Tracker\artifacts\study-unit-mark.png | C:\CodexProjects\Tracker\artifacts\study-unit-dashboard.png | C:\CodexProjects\Tracker\artifacts\study-unit-session.png | C:\CodexProjects\Tracker\artifacts\study-unit-summary.png | C:\CodexProjects\Tracker\artifacts\study-unit-report.json
[12:29:09] args=
[12:56:36] args=--fresh-start-verify | C:\CodexProjects\Tracker\artifacts\fresh-start-main.png | C:\CodexProjects\Tracker\artifacts\fresh-start-dashboard.png | C:\CodexProjects\Tracker\artifacts\fresh-start-report.json
[13:00:11] args=--fresh-start-verify | C:\CodexProjects\Tracker\artifacts\fresh-start-main.png | C:\CodexProjects\Tracker\artifacts\fresh-start-dashboard.png | C:\CodexProjects\Tracker\artifacts\fresh-start-report.json
[13:32:01] args=
[14:00:01] args=--management-verify | C:\CodexProjects\Tracker\artifacts\layout-import-fixed.png | C:\CodexProjects\Tracker\artifacts\layout-card-dialog-fixed.png | C:\CodexProjects\Tracker\artifacts\layout-advanced-search-fixed.png | C:\CodexProjects\Tracker\artifacts\layout-bulk-fixed.png | C:\CodexProjects\Tracker\artifacts\layout-management-report.json
[14:00:01] args=--review-verify | C:\CodexProjects\Tracker\artifacts\layout-review-session-fixed.png | C:\CodexProjects\Tracker\artifacts\layout-review-resume-fixed.png | C:\CodexProjects\Tracker\artifacts\layout-review-report.json
[14:00:01] args=--daily-verify | C:\CodexProjects\Tracker\artifacts\layout-dashboard-fixed.png | C:\CodexProjects\Tracker\artifacts\layout-queues-fixed.png | C:\CodexProjects\Tracker\artifacts\layout-weakspots-fixed.png | C:\CodexProjects\Tracker\artifacts\layout-daily-report.json
[14:02:19] args=--daily-verify | C:\CodexProjects\Tracker\artifacts\layout-dashboard-fixed.png | C:\CodexProjects\Tracker\artifacts\layout-queues-fixed.png | C:\CodexProjects\Tracker\artifacts\layout-weakspots-fixed.png | C:\CodexProjects\Tracker\artifacts\layout-daily-report.json
[14:08:33] args=--daily-verify | C:\CodexProjects\Tracker\artifacts\layout-dashboard-fixed.png | C:\CodexProjects\Tracker\artifacts\layout-queues-fixed.png | C:\CodexProjects\Tracker\artifacts\layout-weakspots-fixed.png | C:\CodexProjects\Tracker\artifacts\layout-daily-report.json
[14:11:26] args=--daily-verify | C:\CodexProjects\Tracker\artifacts\layout-dashboard-fixed.png | C:\CodexProjects\Tracker\artifacts\layout-queues-fixed.png | C:\CodexProjects\Tracker\artifacts\layout-weakspots-fixed.png | C:\CodexProjects\Tracker\artifacts\layout-daily-report.json
[14:11:43] args=--review-verify | C:\CodexProjects\Tracker\artifacts\layout-review-session-fixed.png | C:\CodexProjects\Tracker\artifacts\layout-review-resume-fixed.png | C:\CodexProjects\Tracker\artifacts\layout-review-report.json
[14:12:01] args=--management-verify | C:\CodexProjects\Tracker\artifacts\layout-import-fixed.png | C:\CodexProjects\Tracker\artifacts\layout-card-dialog-fixed.png | C:\CodexProjects\Tracker\artifacts\layout-advanced-search-fixed.png | C:\CodexProjects\Tracker\artifacts\layout-bulk-fixed.png | C:\CodexProjects\Tracker\artifacts\layout-management-report.json
[14:13:09] args=--management-verify | C:\CodexProjects\Tracker\artifacts\layout-import-fixed.png | C:\CodexProjects\Tracker\artifacts\layout-card-dialog-fixed.png | C:\CodexProjects\Tracker\artifacts\layout-advanced-search-fixed.png | C:\CodexProjects\Tracker\artifacts\layout-bulk-fixed.png | C:\CodexProjects\Tracker\artifacts\layout-management-report.json
[14:18:47] args=
[14:22:43] args=--daily-verify | C:\CodexProjects\Tracker\artifacts\layout-dashboard-fixed-2.png | C:\CodexProjects\Tracker\artifacts\layout-queues-fixed-2.png | C:\CodexProjects\Tracker\artifacts\layout-weakspots-fixed-2.png | C:\CodexProjects\Tracker\artifacts\layout-daily-report-2.json
[14:48:20] args=
[14:51:07] args=
[15:01:18] args=--daily-verify | C:\CodexProjects\Tracker\artifacts\layout-dashboard-final.png | C:\CodexProjects\Tracker\artifacts\layout-queues-final.png | C:\CodexProjects\Tracker\artifacts\layout-weakspots-final.png | C:\CodexProjects\Tracker\artifacts\layout-dashboard-final-report.json
[15:13:37] args=--daily-verify | C:\CodexProjects\Tracker\artifacts\layout-dashboard-live-3.png | C:\CodexProjects\Tracker\artifacts\layout-queues-live-3.png | C:\CodexProjects\Tracker\artifacts\layout-weakspots-live-3.png | C:\CodexProjects\Tracker\artifacts\layout-daily-live-3-report.json
[15:14:10] args=--bottom-actions-verify | C:\CodexProjects\Tracker\artifacts\layout-card-live-3.png | C:\CodexProjects\Tracker\artifacts\layout-review-live-3.png | C:\CodexProjects\Tracker\artifacts\layout-bottom-live-3-report.json
[15:14:38] args=--study-unit-verify | C:\CodexProjects\Tracker\artifacts\layout-unit-mark-live-3.png | C:\CodexProjects\Tracker\artifacts\layout-unit-dashboard-live-3.png | C:\CodexProjects\Tracker\artifacts\layout-unit-session-live-3.png | C:\CodexProjects\Tracker\artifacts\layout-unit-summary-live-3.png | C:\CodexProjects\Tracker\artifacts\layout-unit-live-3-report.json
[15:19:12] args=
[15:22:42] args=
[15:43:03] args=--maintenance-verify | C:\CodexProjects\Tracker\artifacts\maintenance-layout-fixed.png | C:\CodexProjects\Tracker\artifacts\maintenance-layout-report.json
[15:44:35] args=--maintenance-verify | C:\CodexProjects\Tracker\artifacts\maintenance-layout-fixed.png | C:\CodexProjects\Tracker\artifacts\maintenance-layout-report.json
[15:45:33] args=--maintenance-verify | C:\CodexProjects\Tracker\artifacts\maintenance-layout-fixed.png | C:\CodexProjects\Tracker\artifacts\maintenance-layout-report.json
[15:46:36] args=--maintenance-verify | C:\CodexProjects\Tracker\artifacts\maintenance-layout-fixed.png | C:\CodexProjects\Tracker\artifacts\maintenance-layout-report.json
[15:47:17] args=--daily-verify | C:\CodexProjects\Tracker\artifacts\ui-pass-dashboard.png | C:\CodexProjects\Tracker\artifacts\ui-pass-queues.png | C:\CodexProjects\Tracker\artifacts\ui-pass-weakspots.png | C:\CodexProjects\Tracker\artifacts\ui-pass-daily-report.json
[15:48:03] args=--management-verify | C:\CodexProjects\Tracker\artifacts\ui-pass-import.png | C:\CodexProjects\Tracker\artifacts\ui-pass-card-dialog.png | C:\CodexProjects\Tracker\artifacts\ui-pass-advanced-search.png | C:\CodexProjects\Tracker\artifacts\ui-pass-bulk.png | C:\CodexProjects\Tracker\artifacts\ui-pass-management-report.json
[15:48:03] args=--review-verify | C:\CodexProjects\Tracker\artifacts\ui-pass-review-session.png | C:\CodexProjects\Tracker\artifacts\ui-pass-review-resume.png | C:\CodexProjects\Tracker\artifacts\ui-pass-review-report.json
[15:49:05] args=--maintenance-verify | C:\CodexProjects\Tracker\artifacts\maintenance-layout-fixed.png | C:\CodexProjects\Tracker\artifacts\maintenance-layout-report.json
[15:50:02] args=--maintenance-verify | C:\CodexProjects\Tracker\artifacts\maintenance-layout-fixed.png | C:\CodexProjects\Tracker\artifacts\maintenance-layout-report.json
[15:51:07] args=--maintenance-verify | C:\CodexProjects\Tracker\artifacts\maintenance-layout-fixed.png | C:\CodexProjects\Tracker\artifacts\maintenance-layout-report.json
[16:03:54] args=
[16:22:00] args=--maintenance-verify | C:\CodexProjects\Tracker\artifacts\maintenance-layout-fixed-2.png | C:\CodexProjects\Tracker\artifacts\maintenance-layout-report-2.json
[16:22:00] args=--daily-verify | C:\CodexProjects\Tracker\artifacts\ui-pass-dashboard-2.png | C:\CodexProjects\Tracker\artifacts\ui-pass-queues-2.png | C:\CodexProjects\Tracker\artifacts\ui-pass-weakspots-2.png | C:\CodexProjects\Tracker\artifacts\ui-pass-daily-report-2.json
[16:22:00] args=--core-verify | C:\CodexProjects\Tracker\artifacts\ui-pass-search-2.png | C:\CodexProjects\Tracker\artifacts\ui-pass-tags-2.png | C:\CodexProjects\Tracker\artifacts\ui-pass-review-filter-2.png | C:\CodexProjects\Tracker\artifacts\ui-pass-tree-2.png | C:\CodexProjects\Tracker\artifacts\ui-pass-core-report-2.json
[16:23:46] args=--maintenance-verify | C:\CodexProjects\Tracker\artifacts\maintenance-layout-fixed-3.png | C:\CodexProjects\Tracker\artifacts\maintenance-layout-report-3.json
[16:26:08] args=
[16:29:19] args=--daily-verify | C:\CodexProjects\Tracker\artifacts\ui-pass-dashboard-3.png | C:\CodexProjects\Tracker\artifacts\ui-pass-queues-3.png | C:\CodexProjects\Tracker\artifacts\ui-pass-weakspots-3.png | C:\CodexProjects\Tracker\artifacts\ui-pass-daily-report-3.json
[16:29:34] args=
[16:30:57] args=
[16:32:37] args=
[16:36:41] args=--daily-verify | C:\CodexProjects\Tracker\artifacts\ui-pass-dashboard-4.png | C:\CodexProjects\Tracker\artifacts\ui-pass-queues-4.png | C:\CodexProjects\Tracker\artifacts\ui-pass-weakspots-4.png | C:\CodexProjects\Tracker\artifacts\ui-pass-daily-report-4.json
[16:38:57] args=
[16:45:09] args=--core-verify | C:\CodexProjects\Tracker\artifacts\tree-rtl-search.png | C:\CodexProjects\Tracker\artifacts\tree-rtl-tags.png | C:\CodexProjects\Tracker\artifacts\tree-rtl-review.png | C:\CodexProjects\Tracker\artifacts\tree-rtl-tree.png | C:\CodexProjects\Tracker\artifacts\tree-rtl-report.json
[16:49:00] args=
[16:52:13] args=--core-verify | C:\CodexProjects\Tracker\artifacts\tags-right-search.png | C:\CodexProjects\Tracker\artifacts\tags-right-tags.png | C:\CodexProjects\Tracker\artifacts\tags-right-review.png | C:\CodexProjects\Tracker\artifacts\tags-right-tree.png | C:\CodexProjects\Tracker\artifacts\tags-right-report.json
[16:52:26] args=
[16:53:15] args=
[17:16:44] args=
[17:17:00] args=
[17:23:55] args=--core-verify | C:\CodexProjects\Tracker\artifacts\headers-core-search.png | C:\CodexProjects\Tracker\artifacts\headers-core-tags.png | C:\CodexProjects\Tracker\artifacts\headers-core-review.png | C:\CodexProjects\Tracker\artifacts\headers-core-tree.png | C:\CodexProjects\Tracker\artifacts\headers-core-report.json
[17:23:55] args=--review-verify | C:\CodexProjects\Tracker\artifacts\headers-review-session.png | C:\CodexProjects\Tracker\artifacts\headers-review-resume.png | C:\CodexProjects\Tracker\artifacts\headers-review-report.json
[17:23:55] args=--daily-verify | C:\CodexProjects\Tracker\artifacts\headers-daily-dashboard.png | C:\CodexProjects\Tracker\artifacts\headers-daily-queues.png | C:\CodexProjects\Tracker\artifacts\headers-daily-weakspots.png | C:\CodexProjects\Tracker\artifacts\headers-daily-report.json
[17:23:55] args=--maintenance-verify | C:\CodexProjects\Tracker\artifacts\headers-maintenance.png | C:\CodexProjects\Tracker\artifacts\headers-maintenance-report.json
[17:26:23] args=--core-verify | C:\CodexProjects\Tracker\artifacts\headers-core-search.png | C:\CodexProjects\Tracker\artifacts\headers-core-tags.png | C:\CodexProjects\Tracker\artifacts\headers-core-review.png | C:\CodexProjects\Tracker\artifacts\headers-core-tree.png | C:\CodexProjects\Tracker\artifacts\headers-core-report.json
[17:26:34] args=--daily-verify | C:\CodexProjects\Tracker\artifacts\headers-daily-dashboard.png | C:\CodexProjects\Tracker\artifacts\headers-daily-queues.png | C:\CodexProjects\Tracker\artifacts\headers-daily-weakspots.png | C:\CodexProjects\Tracker\artifacts\headers-daily-report.json
[17:26:47] args=--review-verify | C:\CodexProjects\Tracker\artifacts\headers-review-session.png | C:\CodexProjects\Tracker\artifacts\headers-review-resume.png | C:\CodexProjects\Tracker\artifacts\headers-review-report.json
[17:30:49] args=--maintenance-verify | C:\CodexProjects\Tracker\artifacts\headers-maintenance.png | C:\CodexProjects\Tracker\artifacts\headers-maintenance-report.json
[17:30:49] args=--core-verify | C:\CodexProjects\Tracker\artifacts\headers-core-search.png | C:\CodexProjects\Tracker\artifacts\headers-core-tags.png | C:\CodexProjects\Tracker\artifacts\headers-core-review.png | C:\CodexProjects\Tracker\artifacts\headers-core-tree.png | C:\CodexProjects\Tracker\artifacts\headers-core-report.json
[17:30:49] args=--review-verify | C:\CodexProjects\Tracker\artifacts\headers-review-session.png | C:\CodexProjects\Tracker\artifacts\headers-review-resume.png | C:\CodexProjects\Tracker\artifacts\headers-review-report.json
[17:30:49] args=--daily-verify | C:\CodexProjects\Tracker\artifacts\headers-daily-dashboard.png | C:\CodexProjects\Tracker\artifacts\headers-daily-queues.png | C:\CodexProjects\Tracker\artifacts\headers-daily-weakspots.png | C:\CodexProjects\Tracker\artifacts\headers-daily-report.json
[17:34:59] args=
[17:40:07] args=--core-verify | C:\CodexProjects\Tracker\artifacts\rtl-core-search.png | C:\CodexProjects\Tracker\artifacts\rtl-core-tags.png | C:\CodexProjects\Tracker\artifacts\rtl-core-review.png | C:\CodexProjects\Tracker\artifacts\rtl-core-tree.png | C:\CodexProjects\Tracker\artifacts\rtl-core-report.json
[17:42:19] args=--daily-verify | C:\CodexProjects\Tracker\artifacts\rtl-daily-dashboard.png | C:\CodexProjects\Tracker\artifacts\rtl-daily-queues.png | C:\CodexProjects\Tracker\artifacts\rtl-daily-weakspots.png | C:\CodexProjects\Tracker\artifacts\rtl-daily-report.json
[17:51:20] args=
[18:18:14] args=
[18:25:16] args=
[18:44:38] args=
[18:46:10] args=
[18:46:43] args=
[18:47:53] args=
[18:50:19] args=
[18:54:04] args=
[18:58:17] args=
[18:58:34] args=
[18:58:52] args=
[18:59:18] args=
[18:59:55] args=
[19:06:23] args=
[19:10:43] args=
[19:13:22] args=
[19:15:56] args=
[19:21:28] args=
[19:22:31] args=
[19:28:36] args=
[19:30:55] args=
[19:31:46] args=
[19:32:23] args=
[19:47:51] args=
[19:49:59] args=
