[19:17:44] Main entered
[19:17:45] AppDatabase created
[19:17:46] Fatal exception: System.InvalidOperationException: Failed to recreate the SQLite database at 'C:\Users\daniel\AppData\Local\TrackerApp\tracker.db'.
 ---> System.UnauthorizedAccessException: Access to the path 'C:\Users\daniel\AppData\Local\TrackerApp\tracker.db' is denied.
   at System.IO.FileSystem.DeleteFile(String fullPath)
   at TrackerApp.AppDatabase.RecreateDatabaseFile(Exception originalException) in C:\CodexProjects\Tracker\TrackerApp\AppDatabase.cs:line 73
   --- End of inner exception stack trace ---
   at TrackerApp.AppDatabase.RecreateDatabaseFile(Exception originalException) in C:\CodexProjects\Tracker\TrackerApp\AppDatabase.cs:line 78
   at TrackerApp.AppDatabase.Initialize() in C:\CodexProjects\Tracker\TrackerApp\AppDatabase.cs:line 35
   at TrackerApp.Program.Main(String[] args) in C:\CodexProjects\Tracker\TrackerApp\Program.cs:line 34
[19:19:19] Main entered
[19:19:19] AppDatabase created
[19:19:20] AppDatabase initialized
[19:19:20] MainForm created
[19:20:02] Application.Run finished
[19:24:25] Main entered
[19:24:25] AppDatabase created
[19:24:25] AppDatabase initialized
[19:24:26] MainForm created
[19:26:15] Main entered
[19:26:15] AppDatabase created
[19:26:15] AppDatabase initialized
[19:26:15] MainForm created
[19:30:10] Main entered
[19:30:10] AppDatabase created
[19:30:10] AppDatabase initialized
[19:30:10] MainForm created
[19:30:22] Application.Run finished
[19:31:29] Main entered
[19:31:29] AppDatabase created
[19:31:30] AppDatabase initialized
[19:31:30] MainForm created
[19:31:40] Application.Run finished
[19:35:53] Main entered
[19:35:53] AppDatabase created
[19:35:53] AppDatabase initialized
[19:35:53] MainForm created
[19:41:29] Main entered
[19:41:29] AppDatabase created
[19:41:29] AppDatabase initialized
[19:41:29] MainForm created
[19:41:40] Application.Run finished
[20:21:47] Main entered
[20:21:47] AppDatabase created
[20:21:47] AppDatabase initialized
[20:21:48] MainForm created
[20:21:56] Application.Run finished
[20:23:23] Main entered
[20:23:23] AppDatabase created
[20:23:23] AppDatabase initialized
[20:23:23] MainForm created
[20:23:31] Application.Run finished
[20:25:06] Main entered
[20:25:06] AppDatabase created
[20:25:06] AppDatabase initialized
[20:25:06] MainForm created
[20:25:13] Application.Run finished
[20:41:13] Main entered
[20:41:14] AppDatabase created
[20:41:14] AppDatabase initialized
[20:41:14] MainForm created
[20:41:52] Application.Run finished
[20:42:45] Main entered
[20:42:45] AppDatabase created
[20:42:45] AppDatabase initialized
[20:42:45] MainForm created
[20:42:53] Application.Run finished
[20:43:53] Main entered
[20:43:53] AppDatabase created
[20:43:53] AppDatabase initialized
[20:43:53] MainForm created
[20:44:01] Application.Run finished
[22:58:39] Main entered
[22:58:39] AppDatabase created
[22:58:39] AppDatabase initialized
[22:58:39] MainForm created
[23:16:10] Main entered
[23:16:13] AppDatabase created
[23:16:13] AppDatabase initialized
[23:16:13] MainForm created
[23:16:23] Application.Run finished
[23:17:08] Main entered
[23:17:09] AppDatabase created
[23:17:09] AppDatabase initialized
[23:17:09] MainForm created
[23:17:16] Application.Run finished
[23:18:11] Main entered
[23:18:11] AppDatabase created
[23:18:11] AppDatabase initialized
[23:18:11] MainForm created
[23:18:19] Application.Run finished
[23:36:58] Main entered
[23:36:58] AppDatabase created
[23:36:58] AppDatabase initialized
[23:36:58] MainForm created
[23:37:06] Application.Run finished
[23:49:41] Main entered
[23:49:41] AppDatabase created
[23:49:41] AppDatabase initialized
[23:49:41] MainForm created
[23:49:43] Application.Run finished
[23:56:44] Main entered
[23:56:44] AppDatabase created
[23:56:44] AppDatabase initialized
[23:56:44] MainForm created
[23:56:50] Application.Run finished
[23:58:03] Main entered
[23:58:03] AppDatabase created
[23:58:03] AppDatabase initialized
[23:58:03] MainForm created
[00:15:36] Main entered
[00:15:38] AppDatabase created
[00:15:38] AppDatabase initialized
[00:15:39] MainForm created
[00:16:23] Application.Run finished
[06:42:35] Main entered
[06:42:35] AppDatabase created
[06:42:35] AppDatabase initialized
[06:42:35] MainForm created
[06:42:57] Application.Run finished
[07:03:24] Main entered
[07:03:24] AppDatabase created
[07:03:25] AppDatabase initialized
[07:03:25] MainForm created
[07:03:32] Application.Run finished
[07:04:42] Main entered
[07:04:42] AppDatabase created
[07:04:42] AppDatabase initialized
[07:04:42] MainForm created
[07:07:26] Application.Run finished
[07:08:48] Main entered
[07:08:48] AppDatabase created
[07:08:48] AppDatabase initialized
[07:08:48] MainForm created
[07:09:17] Application.Run finished
[07:10:10] Main entered
[07:10:10] AppDatabase created
[07:10:10] AppDatabase initialized
[07:10:10] MainForm created
[07:10:25] Application.Run finished
[07:12:17] Main entered
[07:12:18] AppDatabase created
[07:12:18] AppDatabase initialized
[07:12:18] MainForm created
[07:13:14] Application.Run finished
[07:17:39] Main entered
[07:17:39] AppDatabase created
[07:17:39] AppDatabase initialized
[07:17:39] MainForm created
[07:18:24] Main entered
[07:18:24] AppDatabase created
[07:18:25] AppDatabase initialized
[07:18:25] MainForm created
[07:19:25] Application.Run finished
[07:22:15] Main entered
[07:22:16] AppDatabase created
[07:22:16] AppDatabase initialized
[07:22:16] MainForm created
[07:22:23] Application.Run finished
[07:25:22] Main entered
[07:25:22] AppDatabase created
[07:25:22] AppDatabase initialized
[07:25:22] MainForm created
[07:25:30] Application.Run finished
[07:45:16] Main entered
[07:45:17] AppDatabase created
[07:45:17] AppDatabase initialized
[07:45:17] MainForm created
[07:45:25] Application.Run finished
[07:46:00] Main entered
[07:46:00] AppDatabase created
[07:46:00] AppDatabase initialized
[07:46:01] MainForm created
[07:47:28] Application.Run finished
[07:47:49] Main entered
[07:47:50] AppDatabase created
[07:47:50] AppDatabase initialized
[07:47:50] MainForm created
[07:48:30] Application.Run finished
[07:51:25] Main entered
[07:51:25] AppDatabase created
[07:51:27] AppDatabase initialized
[07:51:27] MainForm created
[07:52:09] Application.Run finished
[08:09:46] Main entered
[08:09:47] AppDatabase created
[08:09:47] AppDatabase initialized
[08:09:47] MainForm created
[08:10:02] Application.Run finished
[08:11:16] Main entered
[08:11:16] AppDatabase created
[08:11:17] AppDatabase initialized
[08:11:17] MainForm created
[08:41:14] Main entered
[08:41:14] AppDatabase created
[08:41:14] Fatal exception: System.InvalidOperationException: Execute requires the command to have a transaction object when the connection assigned to the command is in a pending local transaction.  The Transaction property of the command has not been initialized.
   at Microsoft.Data.Sqlite.SqliteCommand.ExecuteReader(CommandBehavior behavior)
   at Microsoft.Data.Sqlite.SqliteCommand.ExecuteReader()
   at Microsoft.Data.Sqlite.SqliteCommand.ExecuteNonQuery()
   at TrackerApp.AppDatabase.ExecuteNonQuery(SqliteConnection connection, SqliteTransaction transaction, String sql) in C:\CodexProjects\Tracker\TrackerApp\AppDatabase.Library.cs:line 662
   at TrackerApp.AppDatabase.UpgradeSchema(SqliteConnection connection) in C:\CodexProjects\Tracker\TrackerApp\AppDatabase.Library.cs:line 123
   at TrackerApp.AppDatabase.<GetMigrations>b__153_1(SqliteConnection connection, SqliteTransaction _) in C:\CodexProjects\Tracker\TrackerApp\AppDatabase.Migrations.cs:line 84
   at TrackerApp.AppDatabase.ApplySchemaMigrations(SqliteConnection connection) in C:\CodexProjects\Tracker\TrackerApp\AppDatabase.Migrations.cs:line 53
   at TrackerApp.AppDatabase.InitializeCore() in C:\CodexProjects\Tracker\TrackerApp\AppDatabase.cs:line 50
   at TrackerApp.AppDatabase.Initialize() in C:\CodexProjects\Tracker\TrackerApp\AppDatabase.cs:line 38
   at TrackerApp.Program.Main(String[] args) in C:\CodexProjects\Tracker\TrackerApp\Program.cs:line 36
[08:47:16] Main entered
[08:47:16] AppDatabase created
[08:47:18] AppDatabase initialized
[08:47:18] MainForm created
[08:48:47] Application.Run finished
[08:50:02] Main entered
[08:50:02] AppDatabase created
[08:50:03] AppDatabase initialized
[08:50:03] MainForm created
[08:50:10] Application.Run finished
[08:52:12] Main entered
[08:52:12] AppDatabase created
[08:52:12] AppDatabase initialized
[08:52:13] MainForm created
[08:52:19] Application.Run finished
[08:54:03] Main entered
[08:54:03] AppDatabase created
[08:54:03] AppDatabase initialized
[08:54:04] MainForm created
[09:00:40] Main entered
[09:00:41] AppDatabase created
[09:00:41] AppDatabase initialized
[09:00:41] MainForm created
[09:00:47] Application.Run finished
[09:00:47] Main entered
[09:00:48] AppDatabase created
[09:00:48] AppDatabase initialized
[09:00:48] MainForm created
[09:00:56] Application.Run finished
[09:00:56] Main entered
[09:00:56] AppDatabase created
[09:00:56] AppDatabase initialized
[09:00:56] MainForm created
[09:01:04] Application.Run finished
[09:01:05] Main entered
[09:01:05] AppDatabase created
[09:01:05] AppDatabase initialized
[09:01:05] MainForm created
[09:01:13] Application.Run finished
[09:17:22] Main entered
[09:17:22] AppDatabase created
[09:17:23] AppDatabase initialized
[09:17:23] MainForm created
[09:17:47] Application.Run finished
[09:31:48] Main entered
[09:31:48] AppDatabase created
[09:31:49] AppDatabase initialized
[09:31:49] MainForm created
[09:31:56] Application.Run finished
[09:49:03] Main entered
[09:49:03] AppDatabase created
[09:49:04] AppDatabase initialized
[09:49:04] MainForm created
[10:03:44] Main entered
[10:03:44] AppDatabase created
[10:03:44] AppDatabase initialized
[10:03:45] MainForm created
[10:03:50] Application.Run finished
[10:05:03] Main entered
[10:05:04] AppDatabase created
[10:05:04] AppDatabase initialized
[10:05:04] MainForm created
[10:05:09] Application.Run finished
[10:20:27] Main entered
[10:20:27] AppDatabase created
[10:20:28] AppDatabase initialized
[10:20:28] MainForm created
[10:20:50] Application.Run finished
[11:06:09] Main entered
[11:06:09] AppDatabase created
[11:06:10] AppDatabase initialized
[11:06:10] MainForm created
[11:21:45] Main entered
[11:21:45] AppDatabase created
[11:21:45] AppDatabase initialized
[11:21:45] MainForm created
[11:21:54] Application.Run finished
[11:21:54] Main entered
[11:21:54] AppDatabase created
[11:21:54] AppDatabase initialized
[11:21:54] MainForm created
[11:22:02] Application.Run finished
[11:23:50] Main entered
[11:23:50] AppDatabase created
[11:23:51] AppDatabase initialized
[11:23:51] MainForm created
[11:23:55] Application.Run finished
[11:24:38] Main entered
[11:24:38] AppDatabase created
[11:24:38] AppDatabase initialized
[11:24:38] MainForm created
[11:24:43] Application.Run finished
[11:25:22] Main entered
[11:25:23] AppDatabase created
[11:25:23] AppDatabase initialized
[11:25:23] MainForm created
[11:25:29] Application.Run finished
[12:16:02] Main entered
[12:16:03] AppDatabase created
[12:16:03] AppDatabase initialized
[12:16:03] MainForm created
[12:16:10] Application.Run finished
[12:29:09] Main entered
[12:29:09] AppDatabase created
[12:29:10] AppDatabase initialized
[12:29:10] MainForm created
[12:56:36] Main entered
[12:56:39] AppDatabase created
[12:56:39] AppDatabase initialized
[12:56:39] MainForm created
[13:00:11] Main entered
[13:00:12] AppDatabase created
[13:00:12] AppDatabase initialized
[13:00:12] MainForm created
[13:00:20] Application.Run finished
[13:32:01] Main entered
[13:32:01] AppDatabase created
[13:32:01] AppDatabase initialized
[13:32:01] MainForm created
[13:56:14] Application.Run finished
[14:00:01] Main entered
[14:00:01] Main entered
[14:00:01] Main entered
[14:00:02] AppDatabase created
[14:00:02] AppDatabase created
[14:00:02] AppDatabase created
[14:00:02] Fatal exception: System.InvalidOperationException: Failed to recreate the SQLite database at 'C:\CodexProjects\Tracker\TrackerApp\bin\Release\net8.0-windows\AppData\tracker.db'.
 ---> System.IO.IOException: The process cannot access the file 'C:\CodexProjects\Tracker\TrackerApp\bin\Release\net8.0-windows\AppData\tracker.db' because it is being used by another process.
   at System.IO.FileSystem.DeleteFile(String fullPath)
   at TrackerApp.AppDatabase.RecreateDatabaseFile(Exception originalException) in C:\CodexProjects\Tracker\TrackerApp\AppDatabase.cs:line 136
   --- End of inner exception stack trace ---
   at TrackerApp.AppDatabase.RecreateDatabaseFile(Exception originalException) in C:\CodexProjects\Tracker\TrackerApp\AppDatabase.cs:line 141
   at TrackerApp.AppDatabase.Initialize() in C:\CodexProjects\Tracker\TrackerApp\AppDatabase.cs:line 42
   at TrackerApp.Program.Main(String[] args) in C:\CodexProjects\Tracker\TrackerApp\Program.cs:line 36
[14:00:02] AppDatabase initialized
[14:00:02] AppDatabase initialized
[14:00:02] Fatal exception: System.InvalidOperationException: SplitterDistance must be between Panel1MinSize and Width - Panel2MinSize.
   at System.Windows.Forms.SplitContainer.set_SplitterDistance(Int32 value)
   at System.Windows.Forms.SplitContainer.ApplyPanel2MinSize(Int32 value)
   at TrackerApp.ReviewSessionControl.BuildLayout() in C:\CodexProjects\Tracker\TrackerApp\ReviewSessionControl.cs:line 328
   at TrackerApp.ReviewSessionControl..ctor() in C:\CodexProjects\Tracker\TrackerApp\ReviewSessionControl.cs:line 43
   at TrackerApp.MainForm..ctor(AppDatabase database, TanakhVerificationRequest verificationRequest, CoreVerificationRequest coreVerificationRequest, ManagementVerificationRequest managementVerificationRequest, ReviewVerificationRequest reviewVerificationRequest, DailyWorkflowVerificationRequest dailyWorkflowVerificationRequest, LibraryVerificationRequest libraryVerificationRequest, TagFlowVerificationRequest tagFlowVerificationRequest, BottomActionsVerificationRequest bottomActionsVerificationRequest, ProductVerificationRequest productVerificationRequest, StudyUnitVerificationRequest studyUnitVerificationRequest, FreshStartVerificationRequest freshStartVerificationRequest, Int64 applicationStartTickCount) in C:\CodexProjects\Tracker\TrackerApp\MainForm.cs:line 15
   at TrackerApp.Program.Main(String[] args) in C:\CodexProjects\Tracker\TrackerApp\Program.cs:line 132
[14:00:02] Fatal exception: System.InvalidOperationException: SplitterDistance must be between Panel1MinSize and Width - Panel2MinSize.
   at System.Windows.Forms.SplitContainer.set_SplitterDistance(Int32 value)
   at System.Windows.Forms.SplitContainer.ApplyPanel2MinSize(Int32 value)
   at TrackerApp.ReviewSessionControl.BuildLayout() in C:\CodexProjects\Tracker\TrackerApp\ReviewSessionControl.cs:line 328
   at TrackerApp.ReviewSessionControl..ctor() in C:\CodexProjects\Tracker\TrackerApp\ReviewSessionControl.cs:line 43
   at TrackerApp.MainForm..ctor(AppDatabase database, TanakhVerificationRequest verificationRequest, CoreVerificationRequest coreVerificationRequest, ManagementVerificationRequest managementVerificationRequest, ReviewVerificationRequest reviewVerificationRequest, DailyWorkflowVerificationRequest dailyWorkflowVerificationRequest, LibraryVerificationRequest libraryVerificationRequest, TagFlowVerificationRequest tagFlowVerificationRequest, BottomActionsVerificationRequest bottomActionsVerificationRequest, ProductVerificationRequest productVerificationRequest, StudyUnitVerificationRequest studyUnitVerificationRequest, FreshStartVerificationRequest freshStartVerificationRequest, Int64 applicationStartTickCount) in C:\CodexProjects\Tracker\TrackerApp\MainForm.cs:line 15
   at TrackerApp.Program.Main(String[] args) in C:\CodexProjects\Tracker\TrackerApp\Program.cs:line 132
[14:02:19] Main entered
[14:02:20] AppDatabase created
[14:02:20] AppDatabase initialized
[14:02:20] Fatal exception: System.InvalidOperationException: SplitterDistance must be between Panel1MinSize and Width - Panel2MinSize.
   at System.Windows.Forms.SplitContainer.set_SplitterDistance(Int32 value)
   at System.Windows.Forms.SplitContainer.ApplyPanel2MinSize(Int32 value)
   at TrackerApp.ReviewSessionControl.BuildLayout() in C:\CodexProjects\Tracker\TrackerApp\ReviewSessionControl.cs:line 328
   at TrackerApp.ReviewSessionControl..ctor() in C:\CodexProjects\Tracker\TrackerApp\ReviewSessionControl.cs:line 43
   at TrackerApp.MainForm..ctor(AppDatabase database, TanakhVerificationRequest verificationRequest, CoreVerificationRequest coreVerificationRequest, ManagementVerificationRequest managementVerificationRequest, ReviewVerificationRequest reviewVerificationRequest, DailyWorkflowVerificationRequest dailyWorkflowVerificationRequest, LibraryVerificationRequest libraryVerificationRequest, TagFlowVerificationRequest tagFlowVerificationRequest, BottomActionsVerificationRequest bottomActionsVerificationRequest, ProductVerificationRequest productVerificationRequest, StudyUnitVerificationRequest studyUnitVerificationRequest, FreshStartVerificationRequest freshStartVerificationRequest, Int64 applicationStartTickCount) in C:\CodexProjects\Tracker\TrackerApp\MainForm.cs:line 15
   at TrackerApp.Program.Main(String[] args) in C:\CodexProjects\Tracker\TrackerApp\Program.cs:line 132
[14:08:33] Main entered
[14:08:34] AppDatabase created
[14:08:34] AppDatabase initialized
[14:08:34] Fatal exception: System.InvalidOperationException: SplitterDistance must be between Panel1MinSize and Width - Panel2MinSize.
   at System.Windows.Forms.SplitContainer.set_SplitterDistance(Int32 value)
   at System.Windows.Forms.SplitContainer.ApplyPanel2MinSize(Int32 value)
   at TrackerApp.TagsManagerControl.BuildLayout() in C:\CodexProjects\Tracker\TrackerApp\TagsManagerControl.cs:line 86
   at TrackerApp.TagsManagerControl..ctor() in C:\CodexProjects\Tracker\TrackerApp\TagsManagerControl.cs:line 19
   at TrackerApp.MainForm..ctor(AppDatabase database, TanakhVerificationRequest verificationRequest, CoreVerificationRequest coreVerificationRequest, ManagementVerificationRequest managementVerificationRequest, ReviewVerificationRequest reviewVerificationRequest, DailyWorkflowVerificationRequest dailyWorkflowVerificationRequest, LibraryVerificationRequest libraryVerificationRequest, TagFlowVerificationRequest tagFlowVerificationRequest, BottomActionsVerificationRequest bottomActionsVerificationRequest, ProductVerificationRequest productVerificationRequest, StudyUnitVerificationRequest studyUnitVerificationRequest, FreshStartVerificationRequest freshStartVerificationRequest, Int64 applicationStartTickCount) in C:\CodexProjects\Tracker\TrackerApp\MainForm.cs:line 16
   at TrackerApp.Program.Main(String[] args) in C:\CodexProjects\Tracker\TrackerApp\Program.cs:line 132
[14:11:26] Main entered
[14:11:26] AppDatabase created
[14:11:26] AppDatabase initialized
[14:11:26] MainForm created
[14:11:35] Application.Run finished
[14:11:43] Main entered
[14:11:43] AppDatabase created
[14:11:43] AppDatabase initialized
[14:11:43] MainForm created
[14:11:51] Application.Run finished
[14:12:01] Main entered
[14:12:02] AppDatabase created
[14:12:02] AppDatabase initialized
[14:12:02] MainForm created
[14:12:07] Application.Run finished
[14:13:09] Main entered
[14:13:09] AppDatabase created
[14:13:09] AppDatabase initialized
[14:13:10] MainForm created
[14:13:18] Application.Run finished
[14:18:47] Main entered
[14:18:47] AppDatabase created
[14:18:47] AppDatabase initialized
[14:18:47] MainForm created
[14:22:43] Main entered
[14:22:44] AppDatabase created
[14:22:44] AppDatabase initialized
[14:22:44] MainForm created
[14:22:50] Application.Run finished
[14:48:12] Application.Run finished
[14:48:20] Main entered
[14:48:20] AppDatabase created
[14:48:20] AppDatabase initialized
[14:48:20] MainForm created
[14:48:25] Application.Run finished
[14:51:07] Main entered
[14:51:07] AppDatabase created
[14:51:07] AppDatabase initialized
[14:51:08] MainForm created
[15:01:18] Main entered
[15:01:18] Fatal exception: System.IO.IOException: The process cannot access the file 'C:\CodexProjects\Tracker\artifacts\program-args.log' because it is being used by another process.
   at Microsoft.Win32.SafeHandles.SafeFileHandle.CreateFile(String fullPath, FileMode mode, FileAccess access, FileShare share, FileOptions options)
   at Microsoft.Win32.SafeHandles.SafeFileHandle.Open(String fullPath, FileMode mode, FileAccess access, FileShare share, FileOptions options, Int64 preallocationSize, Nullable`1 unixCreateMode)
   at System.IO.File.OpenHandle(String path, FileMode mode, FileAccess access, FileShare share, FileOptions options, Int64 preallocationSize)
   at System.IO.File.WriteToFile(String path, FileMode mode, String contents, Encoding encoding)
   at TrackerApp.Program.Main(String[] args) in C:\CodexProjects\Tracker\TrackerApp\Program.cs:line 24
[15:01:19] AppDatabase created
[15:01:19] AppDatabase initialized
[15:01:19] MainForm created
[15:01:24] Application.Run finished
[15:13:37] Main entered
[15:13:38] AppDatabase created
[15:13:38] AppDatabase initialized
[15:13:38] MainForm created
[15:13:44] Application.Run finished
[15:14:10] Main entered
[15:14:10] AppDatabase created
[15:14:10] AppDatabase initialized
[15:14:10] MainForm created
[15:14:17] Application.Run finished
[15:14:38] Main entered
[15:14:38] AppDatabase created
[15:14:38] AppDatabase initialized
[15:14:38] MainForm created
[15:14:48] Application.Run finished
[15:19:12] Main entered
[15:19:12] AppDatabase created
[15:19:12] AppDatabase initialized
[15:19:12] MainForm created
[15:22:23] Application.Run finished
[15:22:42] Main entered
[15:22:42] AppDatabase created
[15:22:42] AppDatabase initialized
[15:22:42] MainForm created
[15:43:03] Main entered
[15:43:04] AppDatabase created
[15:43:04] AppDatabase initialized
[15:43:04] MainForm created
[15:43:06] Application.Run finished
[15:44:35] Main entered
[15:44:35] AppDatabase created
[15:44:36] AppDatabase initialized
[15:44:36] MainForm created
[15:44:38] Application.Run finished
[15:45:33] Main entered
[15:45:33] AppDatabase created
[15:45:33] AppDatabase initialized
[15:45:33] MainForm created
[15:45:36] Application.Run finished
[15:46:36] Main entered
[15:46:36] AppDatabase created
[15:46:36] AppDatabase initialized
[15:46:37] MainForm created
[15:46:39] Application.Run finished
[15:47:17] Main entered
[15:47:17] AppDatabase created
[15:47:17] AppDatabase initialized
[15:47:17] MainForm created
[15:47:23] Application.Run finished
[15:48:03] Main entered
[15:48:03] Main entered
[15:48:03] AppDatabase created
[15:48:03] AppDatabase created
[15:48:03] AppDatabase initialized
[15:48:03] MainForm created
[15:48:03] AppDatabase initialized
[15:48:04] MainForm created
[15:48:12] Application.Run finished
[15:48:12] Application.Run finished
[15:49:05] Main entered
[15:49:05] AppDatabase created
[15:49:06] AppDatabase initialized
[15:49:06] MainForm created
[15:49:08] Application.Run finished
[15:50:02] Main entered
[15:50:02] AppDatabase created
[15:50:02] AppDatabase initialized
[15:50:03] MainForm created
[15:50:05] Application.Run finished
[15:51:07] Main entered
[15:51:07] AppDatabase created
[15:51:07] AppDatabase initialized
[15:51:07] MainForm created
[15:51:09] Application.Run finished
[16:03:54] Main entered
[16:03:54] AppDatabase created
[16:03:54] AppDatabase initialized
[16:03:55] MainForm created
[16:22:00] Main entered
[16:22:00] Main entered
[16:22:00] Main entered
[16:22:01] AppDatabase created
[16:22:01] AppDatabase created
[16:22:01] AppDatabase created
[16:22:01] AppDatabase initialized
[16:22:01] MainForm created
[16:22:01] AppDatabase initialized
[16:22:01] MainForm created
[16:22:01] AppDatabase initialized
[16:22:01] MainForm created
[16:22:04] Application.Run finished
[16:22:07] Application.Run finished
[16:22:09] Application.Run finished
[16:23:46] Main entered
[16:23:46] AppDatabase created
[16:23:46] AppDatabase initialized
[16:23:46] MainForm created
[16:23:49] Application.Run finished
[16:26:08] Main entered
[16:26:08] AppDatabase created
[16:26:08] AppDatabase initialized
[16:26:08] MainForm created
[16:29:19] Main entered
[16:29:20] AppDatabase created
[16:29:20] AppDatabase initialized
[16:29:20] MainForm created
[16:29:26] Application.Run finished
[16:29:34] Main entered
[16:29:34] AppDatabase created
[16:29:34] AppDatabase initialized
[16:29:34] MainForm created
[16:30:38] Application.Run finished
[16:30:55] Application.Run finished
[16:30:55] Application.Run finished
[16:30:57] Main entered
[16:30:57] AppDatabase created
[16:30:57] AppDatabase initialized
[16:30:57] MainForm created
[16:31:15] Application.Run finished
[16:32:37] Main entered
[16:32:37] AppDatabase created
[16:32:37] AppDatabase initialized
[16:32:37] MainForm created
[16:36:41] Main entered
[16:36:41] AppDatabase created
[16:36:42] AppDatabase initialized
[16:36:42] MainForm created
[16:36:48] Application.Run finished
[16:38:53] Application.Run finished
[16:38:57] Main entered
[16:38:57] AppDatabase created
[16:38:57] AppDatabase initialized
[16:38:57] MainForm created
[16:45:09] Main entered
[16:45:09] AppDatabase created
[16:45:09] AppDatabase initialized
[16:45:09] MainForm created
[16:45:17] Application.Run finished
[16:49:00] Main entered
[16:49:00] AppDatabase created
[16:49:00] AppDatabase initialized
[16:49:01] MainForm created
[16:49:28] Application.Run finished
[16:49:28] Application.Run finished
[16:52:13] Main entered
[16:52:14] AppDatabase created
[16:52:14] AppDatabase initialized
[16:52:14] MainForm created
[16:52:22] Application.Run finished
[16:52:26] Main entered
[16:52:27] AppDatabase created
[16:52:27] AppDatabase initialized
[16:52:27] MainForm created
[16:53:12] Application.Run finished
[16:53:15] Main entered
[16:53:16] AppDatabase created
[16:53:16] AppDatabase initialized
[16:53:16] MainForm created
[16:54:59] Application.Run finished
[17:16:44] Main entered
[17:16:44] AppDatabase created
[17:16:44] AppDatabase initialized
[17:16:44] MainForm created
[17:17:00] Main entered
[17:17:00] AppDatabase created
[17:17:00] AppDatabase initialized
[17:17:00] MainForm created
[17:17:02] Application.Run finished
[17:17:10] Application.Run finished
[17:23:55] Main entered
[17:23:55] Main entered
[17:23:55] Main entered
[17:23:55] Main entered
[17:23:56] AppDatabase created
[17:23:56] AppDatabase created
[17:23:56] Fatal exception: System.IO.IOException: The process cannot access the file 'C:\CodexProjects\Tracker\artifacts\program-trace.log' because it is being used by another process.
   at Microsoft.Win32.SafeHandles.SafeFileHandle.CreateFile(String fullPath, FileMode mode, FileAccess access, FileShare share, FileOptions options)
   at Microsoft.Win32.SafeHandles.SafeFileHandle.Open(String fullPath, FileMode mode, FileAccess access, FileShare share, FileOptions options, Int64 preallocationSize, Nullable`1 unixCreateMode)
   at System.IO.File.OpenHandle(String path, FileMode mode, FileAccess access, FileShare share, FileOptions options, Int64 preallocationSize)
   at System.IO.File.WriteToFile(String path, FileMode mode, String contents, Encoding encoding)
   at TrackerApp.Program.AppendProgramLog(String message) in C:\CodexProjects\Tracker\TrackerApp\Program.cs:line 155
   at TrackerApp.Program.Main(String[] args) in C:\CodexProjects\Tracker\TrackerApp\Program.cs:line 35
[17:23:56] AppDatabase initialized
[17:23:56] AppDatabase initialized
[17:23:56] MainForm created
[17:23:56] MainForm created
[17:23:58] Application.Run finished
[17:23:59] Application.Run finished
[17:26:23] Main entered
[17:26:23] AppDatabase created
[17:26:23] AppDatabase initialized
[17:26:23] MainForm created
[17:26:25] Application.Run finished
[17:26:34] Main entered
[17:26:34] AppDatabase created
[17:26:34] AppDatabase initialized
[17:26:35] MainForm created
[17:26:36] Application.Run finished
[17:26:47] Main entered
[17:26:48] AppDatabase created
[17:26:48] AppDatabase initialized
[17:26:48] MainForm created
[17:26:50] Application.Run finished
[17:30:49] Main entered
[17:30:49] Main entered
[17:30:49] Main entered
[17:30:49] Main entered
[17:30:49] AppDatabase created
[17:30:49] AppDatabase created
[17:30:49] AppDatabase created
[17:30:49] AppDatabase created
[17:30:49] AppDatabase initialized
[17:30:49] MainForm created
[17:30:49] AppDatabase initialized
[17:30:50] MainForm created
[17:30:50] AppDatabase initialized
[17:30:50] AppDatabase initialized
[17:30:50] MainForm created
[17:30:50] MainForm created
[17:30:53] Application.Run finished
[17:30:55] Application.Run finished
[17:30:58] Application.Run finished
[17:30:59] Application.Run finished
[17:34:59] Main entered
[17:34:59] AppDatabase created
[17:34:59] AppDatabase initialized
[17:34:59] MainForm created
[17:40:07] Main entered
[17:40:07] Fatal exception: System.IO.IOException: The process cannot access the file 'C:\CodexProjects\Tracker\artifacts\program-args.log' because it is being used by another process.
   at Microsoft.Win32.SafeHandles.SafeFileHandle.CreateFile(String fullPath, FileMode mode, FileAccess access, FileShare share, FileOptions options)
   at Microsoft.Win32.SafeHandles.SafeFileHandle.Open(String fullPath, FileMode mode, FileAccess access, FileShare share, FileOptions options, Int64 preallocationSize, Nullable`1 unixCreateMode)
   at System.IO.File.OpenHandle(String path, FileMode mode, FileAccess access, FileShare share, FileOptions options, Int64 preallocationSize)
   at System.IO.File.WriteToFile(String path, FileMode mode, String contents, Encoding encoding)
   at TrackerApp.Program.Main(String[] args) in C:\CodexProjects\Tracker\TrackerApp\Program.cs:line 24
[17:40:07] AppDatabase created
[17:40:07] AppDatabase initialized
[17:40:08] MainForm created
[17:40:16] Application.Run finished
[17:42:19] Main entered
[17:42:20] AppDatabase created
[17:42:20] AppDatabase initialized
[17:42:20] MainForm created
[17:42:26] Application.Run finished
[17:51:20] Main entered
[17:51:20] AppDatabase created
[17:51:20] AppDatabase initialized
[17:51:21] MainForm created
[18:04:16] Application.Run finished
[18:04:17] Application.Run finished
[18:18:14] Main entered
[18:18:14] AppDatabase created
[18:18:14] AppDatabase initialized
[18:18:14] MainForm created
[18:18:16] Application.Run finished
[18:25:16] Main entered
[18:25:16] AppDatabase created
[18:25:16] AppDatabase initialized
[18:25:16] MainForm created
[18:44:38] Main entered
[18:44:38] AppDatabase created
[18:44:38] AppDatabase initialized
[18:44:38] MainForm created
[18:46:10] Main entered
[18:46:10] AppDatabase created
[18:46:10] AppDatabase initialized
[18:46:11] MainForm created
[18:46:44] Main entered
[18:46:44] AppDatabase created
[18:46:44] AppDatabase initialized
[18:46:44] MainForm created
[18:47:53] Main entered
[18:47:53] AppDatabase created
[18:47:53] AppDatabase initialized
[18:47:53] MainForm created
[18:50:19] Main entered
[18:50:19] AppDatabase created
[18:50:20] AppDatabase initialized
[18:50:20] MainForm created
[18:54:04] Main entered
[18:54:05] AppDatabase created
[18:54:05] AppDatabase initialized
[18:54:05] MainForm created
[18:58:17] Main entered
[18:58:17] AppDatabase created
[18:58:17] AppDatabase initialized
[18:58:17] MainForm created
[18:58:21] Application.Run finished
[18:58:34] Main entered
[18:58:34] AppDatabase created
[18:58:34] AppDatabase initialized
[18:58:34] MainForm created
[18:58:43] Application.Run finished
[18:58:52] Main entered
[18:58:52] AppDatabase created
[18:58:52] AppDatabase initialized
[18:58:52] MainForm created
[18:59:18] Main entered
[18:59:18] AppDatabase created
[18:59:19] AppDatabase initialized
[18:59:19] MainForm created
[18:59:28] Application.Run finished
[18:59:52] Application.Run finished
[18:59:55] Main entered
[18:59:55] AppDatabase created
[18:59:55] AppDatabase initialized
[18:59:55] MainForm created
[19:00:00] Application.Run finished
[19:06:23] Main entered
[19:06:24] AppDatabase created
[19:06:24] AppDatabase initialized
[19:06:24] MainForm created
[19:10:43] Main entered
[19:10:43] AppDatabase created
[19:10:43] AppDatabase initialized
[19:10:43] MainForm created
[19:13:22] Main entered
[19:13:22] AppDatabase created
[19:13:22] AppDatabase initialized
[19:13:22] MainForm created
[19:15:56] Main entered
[19:15:56] AppDatabase created
[19:15:56] AppDatabase initialized
[19:15:56] MainForm created
[19:15:59] Application.Run finished
[19:21:28] Main entered
[19:21:28] AppDatabase created
[19:21:28] AppDatabase initialized
[19:21:28] MainForm created
[19:22:31] Main entered
[19:22:31] AppDatabase created
[19:22:31] AppDatabase initialized
[19:22:31] MainForm created
[19:28:36] Main entered
[19:28:36] AppDatabase created
[19:28:36] AppDatabase initialized
[19:28:36] MainForm created
[19:29:27] Application.Run finished
[19:30:55] Main entered
[19:30:55] AppDatabase created
[19:30:55] AppDatabase initialized
[19:30:55] MainForm created
[19:31:41] Application.Run finished
[19:31:46] Main entered
[19:31:46] AppDatabase created
[19:31:47] AppDatabase initialized
[19:31:47] MainForm created
[19:32:01] Application.Run finished
[19:32:23] Main entered
[19:32:23] AppDatabase created
[19:32:23] AppDatabase initialized
[19:32:23] MainForm created
[19:47:51] Main entered
[19:47:51] AppDatabase created
[19:47:51] AppDatabase initialized
[19:47:51] MainForm created
[19:48:01] Application.Run finished
[19:49:59] Main entered
[19:49:59] AppDatabase created
[19:49:59] AppDatabase initialized
[19:49:59] MainForm created
[20:11:50] Application.Run finished
